0 info it worked if it ends with ok
1 verbose cli [ 'D:\\Program files\\NodeJs\\node.exe',
1 verbose cli   'D:\\Program files\\NodeJs\\node_modules\\npm\\bin\\npm-cli.js',
1 verbose cli   'start' ]
2 info using npm@3.10.10
3 info using node@v6.11.3
4 verbose run-script [ 'prestart', 'start', 'poststart' ]
5 info lifecycle MyReactNativeApp@0.0.1~prestart: MyReactNativeApp@0.0.1
6 silly lifecycle MyReactNativeApp@0.0.1~prestart: no script for prestart, continuing
7 info lifecycle MyReactNativeApp@0.0.1~start: MyReactNativeApp@0.0.1
8 verbose lifecycle MyReactNativeApp@0.0.1~start: unsafe-perm in lifecycle true
9 verbose lifecycle MyReactNativeApp@0.0.1~start: PATH: D:\Program files\NodeJs\node_modules\npm\bin\node-gyp-bin;G:\AndroidDemo\ReactnativeAndroidDemo\node_modules\.bin;C:\Program Files\Java\jdk1.8.0_25\bin;E:\Program Files\feiq\Recv Files\Android\64位\adt-bundle-windows-x86_64_20140101\adt-bundle-windows-x86_64_20140101\sdk\platform-tools;android-ndk-r9b;C:\WINDOWS\system32;C:\WINDOWS;C:\WINDOWS\System32\Wbem;D:\androidstudiosdk\platform-tools;C:\WINDOWS\System32\WindowsPowerShell\v1.0\;C:\WINDOWS\system32\WBEM;C:\Windows\System32;D:\install\mysql\bin;D:\Program files\common;D:\javaSoft\bin;C:\Program Files (x86)\AOMEI Backupper;D:\androidstudiosdk\tools;D:\Program files\watchman;D:\Program files\NodeJs\;C:\Program Files (x86)\Microsoft Emulator Manager\1.0\;C:\ProgramData\chocolatey\bin;D:\Program files\Git\cmd;D:\Program files\apache-maven-3.5.2-bin\apache-maven-3.5.2\bin;C:\Users\www\AppData\Local\Microsoft\WindowsApps;D:\android-ndk-r14b-windows-x86_64\android-ndk-r14b;C:\Users\www\AppData\Roaming\npm;D:\Program files\Git\cmd;D:\Program files\Microsoft VS Code\bin;C:\Users\www\node_modules\.bin;D:\Program files\apache-maven-3.5.2-bin\apache-maven-3.5.2\bin
10 verbose lifecycle MyReactNativeApp@0.0.1~start: CWD: G:\AndroidDemo\ReactnativeAndroidDemo
11 silly lifecycle MyReactNativeApp@0.0.1~start: Args: [ '/d /s /c',
11 silly lifecycle   'node node_modules/react-native/local-cli/cli.js start' ]
12 verbose stack Error: kill ENOSYS
12 verbose stack     at exports._errnoException (util.js:1020:11)
12 verbose stack     at process.kill (internal/process.js:190:13)
12 verbose stack     at process.listener (D:\Program files\NodeJs\node_modules\npm\node_modules\npmlog\node_modules\gauge\node_modules\signal-exit\index.js:86:15)
12 verbose stack     at emitNone (events.js:91:20)
12 verbose stack     at process.emit (events.js:185:7)
12 verbose stack     at processEmit (D:\Program files\NodeJs\node_modules\npm\node_modules\npmlog\node_modules\gauge\node_modules\signal-exit\index.js:146:32)
12 verbose stack     at processEmit (D:\Program files\NodeJs\node_modules\npm\node_modules\npm-registry-client\node_modules\npmlog\node_modules\gauge\node_modules\signal-exit\index.js:146:32)
12 verbose stack     at Signal.wrap.onsignal (internal/process.js:217:44)
13 verbose cwd G:\AndroidDemo\ReactnativeAndroidDemo
14 error Windows_NT 10.0.14393
15 error argv "D:\\Program files\\NodeJs\\node.exe" "D:\\Program files\\NodeJs\\node_modules\\npm\\bin\\npm-cli.js" "start"
16 error node v6.11.3
17 error npm  v3.10.10
18 error code ENOSYS
19 error errno ENOSYS
20 error syscall kill
21 error kill ENOSYS
22 error If you need help, you may report this error at:
22 error     <https://github.com/npm/npm/issues>
23 verbose exit [ 1, true ]
